<?xml version="1.0" encoding="UTF-8"?>
<!-- Generated by org.testng.reporters.JUnitXMLReporter -->
<testsuite hostname="LV11V73Z2" ignored="2" name="Test(failed)" tests="1" failures="1" timestamp="2021-09-23T06:44:28 NPT" time="23.693" errors="0">
  <testcase name="handlingAlertsTest" time="18.235" classname="testAttribute.SeleniumDay15.SeleniumDay15">
    <failure type="org.openqa.selenium.TimeoutException" message="Expected condition failed: waiting for alert to be present (tried for 4 second(s) with 500 milliseconds interval)
Build info: version: &amp;apos;4.0.0-rc-1&amp;apos;, revision: &amp;apos;bc5511cbda&amp;apos;
System info: host: &amp;apos;LV11V73Z2&amp;apos;, ip: &amp;apos;192.168.56.1&amp;apos;, os.name: &amp;apos;Windows 10&amp;apos;, os.arch: &amp;apos;amd64&amp;apos;, os.version: &amp;apos;10.0&amp;apos;, java.version: &amp;apos;1.8.0_231&amp;apos;
Driver info: org.openqa.selenium.chrome.ChromeDriver
Capabilities {acceptInsecureCerts: false, browserName: chrome, browserVersion: 93.0.4577.82, chrome: {chromedriverVersion: 92.0.4515.43 (8c61b7e2989f2..., userDataDir: C:\Users\i31335\AppData\Loc...}, goog:chromeOptions: {debuggerAddress: localhost:52979}, javascriptEnabled: true, networkConnectionEnabled: false, pageLoadStrategy: normal, platform: WINDOWS, platformName: WINDOWS, proxy: Proxy(), se:cdp: ws://localhost:52979/devtoo..., se:cdpVersion: 93.0.4577.82, setWindowRect: true, strictFileInteractability: false, timeouts: {implicit: 0, pageLoad: 300000, script: 30000}, unhandledPromptBehavior: dismiss and notify, webauthn:extension:credBlob: true, webauthn:extension:largeBlob: true, webauthn:virtualAuthenticators: true}
Session ID: 917a75c57c093df3909a806fb7b0f3fe">
      <![CDATA[org.openqa.selenium.TimeoutException: Expected condition failed: waiting for alert to be present (tried for 4 second(s) with 500 milliseconds interval)
Build info: version: '4.0.0-rc-1', revision: 'bc5511cbda'
System info: host: 'LV11V73Z2', ip: '192.168.56.1', os.name: 'Windows 10', os.arch: 'amd64', os.version: '10.0', java.version: '1.8.0_231'
Driver info: org.openqa.selenium.chrome.ChromeDriver
Capabilities {acceptInsecureCerts: false, browserName: chrome, browserVersion: 93.0.4577.82, chrome: {chromedriverVersion: 92.0.4515.43 (8c61b7e2989f2..., userDataDir: C:\Users\i31335\AppData\Loc...}, goog:chromeOptions: {debuggerAddress: localhost:52979}, javascriptEnabled: true, networkConnectionEnabled: false, pageLoadStrategy: normal, platform: WINDOWS, platformName: WINDOWS, proxy: Proxy(), se:cdp: ws://localhost:52979/devtoo..., se:cdpVersion: 93.0.4577.82, setWindowRect: true, strictFileInteractability: false, timeouts: {implicit: 0, pageLoad: 300000, script: 30000}, unhandledPromptBehavior: dismiss and notify, webauthn:extension:credBlob: true, webauthn:extension:largeBlob: true, webauthn:virtualAuthenticators: true}
Session ID: 917a75c57c093df3909a806fb7b0f3fe
at org.openqa.selenium.support.ui.WebDriverWait.timeoutException(WebDriverWait.java:138)
at org.openqa.selenium.support.ui.FluentWait.until(FluentWait.java:231)
at pageObjects.ToolsQAAlertsPage.handleTimedAlert(ToolsQAAlertsPage.java:51)
at testAttribute.SeleniumDay15.SeleniumDay15.handlingAlertsTest(SeleniumDay15.java:106)
at java.util.ArrayList.forEach(ArrayList.java:1257)
... Removed 27 stack frames]]>
    </failure>
  </testcase> <!-- handlingAlertsTest -->
  <testcase name="attributeTest" time="0.0" classname="testAttribute.SeleniumDay15.SeleniumDay15">
    <ignored/>
  </testcase> <!-- attributeTest -->
  <testcase name="windowsAuthTest" time="0.0" classname="testAttribute.SeleniumDay15.SeleniumDay15">
    <ignored/>
  </testcase> <!-- windowsAuthTest -->
</testsuite> <!-- Test(failed) -->
