<?xml version="1.0" encoding="UTF-8"?>
<!-- Generated by org.testng.reporters.JUnitReportReporter -->
<testsuite skipped="1" hostname="LV11V73Z2" name="testAttribute.SeleniumDay15.BrowserCaps" tests="2" failures="0" timestamp="2021-09-20T22:32:47 NPT" time="0.006" errors="1">
  <testcase name="f" time="0.000" classname="testAttribute.SeleniumDay15.BrowserCaps">
    <skipped/>
  </testcase> <!-- f -->
  <system-out/>
  <testcase name="beforeMethod" time="0.006" classname="testAttribute.SeleniumDay15.BrowserCaps">
    <error type="java.lang.IllegalArgumentException" message="Extension must exist: c:\sth.crx">
      <![CDATA[java.lang.IllegalArgumentException: Extension must exist: c:\sth.crx
at org.openqa.selenium.internal.Require$FileChecker.isFile(Require.java:226)
at org.openqa.selenium.chromium.ChromiumOptions.lambda$addExtensions$0(ChromiumOptions.java:147)
at java.util.Arrays$ArrayList.forEach(Arrays.java:3880)
at org.openqa.selenium.chromium.ChromiumOptions.addExtensions(ChromiumOptions.java:147)
at org.openqa.selenium.chromium.ChromiumOptions.addExtensions(ChromiumOptions.java:136)
at testAttribute.SeleniumDay15.BrowserCaps.beforeMethod(BrowserCaps.java:56)
at sun.reflect.NativeMethodAccessorImpl.invoke0(Native Method)
at sun.reflect.NativeMethodAccessorImpl.invoke(NativeMethodAccessorImpl.java:62)
at sun.reflect.DelegatingMethodAccessorImpl.invoke(DelegatingMethodAccessorImpl.java:43)
at java.lang.reflect.Method.invoke(Method.java:498)
at org.testng.internal.MethodInvocationHelper.invokeMethod(MethodInvocationHelper.java:133)
at org.testng.internal.MethodInvocationHelper.invokeMethodConsideringTimeout(MethodInvocationHelper.java:62)
at org.testng.internal.ConfigInvoker.invokeConfigurationMethod(ConfigInvoker.java:385)
at org.testng.internal.ConfigInvoker.invokeConfigurations(ConfigInvoker.java:321)
at org.testng.internal.TestInvoker.runConfigMethods(TestInvoker.java:700)
at org.testng.internal.TestInvoker.invokeMethod(TestInvoker.java:527)
at org.testng.internal.TestInvoker.invokeTestMethod(TestInvoker.java:173)
at org.testng.internal.MethodRunner.runInSequence(MethodRunner.java:46)
at org.testng.internal.TestInvoker$MethodInvocationAgent.invoke(TestInvoker.java:824)
at org.testng.internal.TestInvoker.invokeTestMethods(TestInvoker.java:146)
at org.testng.internal.TestMethodWorker.invokeTestMethods(TestMethodWorker.java:146)
at org.testng.internal.TestMethodWorker.run(TestMethodWorker.java:128)
at java.util.ArrayList.forEach(ArrayList.java:1257)
at org.testng.TestRunner.privateRun(TestRunner.java:794)
at org.testng.TestRunner.run(TestRunner.java:596)
at org.testng.SuiteRunner.runTest(SuiteRunner.java:377)
at org.testng.SuiteRunner.runSequentially(SuiteRunner.java:371)
at org.testng.SuiteRunner.privateRun(SuiteRunner.java:332)
at org.testng.SuiteRunner.run(SuiteRunner.java:276)
at org.testng.SuiteRunnerWorker.runSuite(SuiteRunnerWorker.java:53)
at org.testng.SuiteRunnerWorker.run(SuiteRunnerWorker.java:96)
at org.testng.TestNG.runSuitesSequentially(TestNG.java:1212)
at org.testng.TestNG.runSuitesLocally(TestNG.java:1134)
at org.testng.TestNG.runSuites(TestNG.java:1063)
at org.testng.TestNG.run(TestNG.java:1031)
at org.testng.remote.AbstractRemoteTestNG.run(AbstractRemoteTestNG.java:115)
at org.testng.remote.RemoteTestNG.initAndRun(RemoteTestNG.java:251)
at org.testng.remote.RemoteTestNG.main(RemoteTestNG.java:77)
]]>
    </error>
  </testcase> <!-- beforeMethod -->
  <system-out/>
</testsuite> <!-- testAttribute.SeleniumDay15.BrowserCaps -->
