<?xml version="1.0" encoding="UTF-8"?>
<testng-results skipped="0" failed="1" ignored="0" total="1" passed="0">
  <reporter-output>
  </reporter-output>
  <suite name="Default suite" duration-ms="10283" started-at="2021-08-26T08:27:15 NPT" finished-at="2021-08-26T08:27:25 NPT">
    <groups>
    </groups>
    <test name="Default test" duration-ms="10283" started-at="2021-08-26T08:27:15 NPT" finished-at="2021-08-26T08:27:25 NPT">
      <class name="testngDay.SeleniumTestNG.SeleniumTestNGAsserions">
        <test-method status="PASS" signature="setUp()[pri:0, instance:testngDay.SeleniumTestNG.SeleniumTestNGAsserions@2353b3e6]" name="setUp" is-config="true" duration-ms="9" started-at="2021-08-26T08:27:15 NPT" finished-at="2021-08-26T08:27:15 NPT">
          <reporter-output>
          </reporter-output>
        </test-method> <!-- setUp -->
        <test-method status="PASS" signature="startBrowser()[pri:0, instance:testngDay.SeleniumTestNG.SeleniumTestNGAsserions@2353b3e6]" name="startBrowser" is-config="true" duration-ms="5944" started-at="2021-08-26T08:27:15 NPT" finished-at="2021-08-26T08:27:21 NPT">
          <reporter-output>
          </reporter-output>
        </test-method> <!-- startBrowser -->
        <test-method status="FAIL" signature="loginTest()[pri:0, instance:testngDay.SeleniumTestNG.SeleniumTestNGAsserions@2353b3e6]" name="loginTest" duration-ms="3651" started-at="2021-08-26T08:27:21 NPT" finished-at="2021-08-26T08:27:24 NPT">
          <exception class="java.lang.AssertionError">
            <message>
              <![CDATA[expected [true] but found [false]]]>
            </message>
            <full-stacktrace>
              <![CDATA[java.lang.AssertionError: expected [true] but found [false]
at org.testng.Assert.fail(Assert.java:99)
at org.testng.Assert.failNotEquals(Assert.java:1037)
at org.testng.Assert.assertEqualsImpl(Assert.java:140)
at org.testng.Assert.assertEquals(Assert.java:122)
at org.testng.Assert.assertEquals(Assert.java:819)
at org.testng.Assert.assertEquals(Assert.java:829)
at testngDay.SeleniumTestNG.SeleniumTestNGAsserions.loginTest(SeleniumTestNGAsserions.java:37)
at sun.reflect.NativeMethodAccessorImpl.invoke0(Native Method)
at sun.reflect.NativeMethodAccessorImpl.invoke(NativeMethodAccessorImpl.java:62)
at sun.reflect.DelegatingMethodAccessorImpl.invoke(DelegatingMethodAccessorImpl.java:43)
at java.lang.reflect.Method.invoke(Method.java:498)
at org.testng.internal.MethodInvocationHelper.invokeMethod(MethodInvocationHelper.java:133)
at org.testng.internal.TestInvoker.invokeMethod(TestInvoker.java:598)
at org.testng.internal.TestInvoker.invokeTestMethod(TestInvoker.java:173)
at org.testng.internal.MethodRunner.runInSequence(MethodRunner.java:46)
at org.testng.internal.TestInvoker$MethodInvocationAgent.invoke(TestInvoker.java:824)
at org.testng.internal.TestInvoker.invokeTestMethods(TestInvoker.java:146)
at org.testng.internal.TestMethodWorker.invokeTestMethods(TestMethodWorker.java:146)
at org.testng.internal.TestMethodWorker.run(TestMethodWorker.java:128)
at java.util.ArrayList.forEach(ArrayList.java:1257)
at org.testng.TestRunner.privateRun(TestRunner.java:794)
at org.testng.TestRunner.run(TestRunner.java:596)
at org.testng.SuiteRunner.runTest(SuiteRunner.java:377)
at org.testng.SuiteRunner.runSequentially(SuiteRunner.java:371)
at org.testng.SuiteRunner.privateRun(SuiteRunner.java:332)
at org.testng.SuiteRunner.run(SuiteRunner.java:276)
at org.testng.SuiteRunnerWorker.runSuite(SuiteRunnerWorker.java:53)
at org.testng.SuiteRunnerWorker.run(SuiteRunnerWorker.java:96)
at org.testng.TestNG.runSuitesSequentially(TestNG.java:1212)
at org.testng.TestNG.runSuitesLocally(TestNG.java:1134)
at org.testng.TestNG.runSuites(TestNG.java:1063)
at org.testng.TestNG.run(TestNG.java:1031)
at org.testng.remote.AbstractRemoteTestNG.run(AbstractRemoteTestNG.java:115)
at org.testng.remote.RemoteTestNG.initAndRun(RemoteTestNG.java:251)
at org.testng.remote.RemoteTestNG.main(RemoteTestNG.java:77)
]]>
            </full-stacktrace>
          </exception> <!-- java.lang.AssertionError -->
          <reporter-output>
          </reporter-output>
        </test-method> <!-- loginTest -->
        <test-method status="PASS" signature="closeWindow()[pri:0, instance:testngDay.SeleniumTestNG.SeleniumTestNGAsserions@2353b3e6]" name="closeWindow" is-config="true" duration-ms="650" started-at="2021-08-26T08:27:24 NPT" finished-at="2021-08-26T08:27:25 NPT">
          <reporter-output>
          </reporter-output>
        </test-method> <!-- closeWindow -->
      </class> <!-- testngDay.SeleniumTestNG.SeleniumTestNGAsserions -->
    </test> <!-- Default test -->
  </suite> <!-- Default suite -->
</testng-results>
